[2014-02-08 18:49:05.217] [INFO] crash-log - [32m[C:\Users\feng\Desktop\CardGame\game-server\node_modules\pomelo\lib\master\master.js] [39m[master],[master-server-1],[1391856545217],[disconnect]
[2014-02-08 18:49:05.229] [INFO] crash-log - [32m[C:\Users\feng\Desktop\CardGame\game-server\node_modules\pomelo\lib\master\master.js] [39m[game],[cluster-server-game-0],[1391856545229],[disconnect]
[2014-02-08 18:49:05.237] [INFO] crash-log - [32m[C:\Users\feng\Desktop\CardGame\game-server\node_modules\pomelo\lib\master\master.js] [39m[dbfront],[dbfront-server-1],[1391856545237],[disconnect]
[2014-02-08 18:49:05.238] [INFO] crash-log - [32m[C:\Users\feng\Desktop\CardGame\game-server\node_modules\pomelo\lib\master\master.js] [39m[game],[cluster-server-game-1],[1391856545238],[disconnect]
[2014-02-08 23:02:58.099] [INFO] crash-log - [32m[C:\Users\feng\Desktop\CardGame\game-server\node_modules\pomelo\lib\master\master.js] [39m[gate],[gate-server-1],[1391871778099],[disconnect]
[2014-02-08 23:09:19.848] [INFO] crash-log - [32m[C:\Users\feng\Desktop\CardGame\game-server\node_modules\pomelo\lib\master\master.js] [39m[gate],[gate-server-1],[1391872159848],[disconnect]
[2014-02-08 23:15:08.416] [INFO] crash-log - [32m[C:\Users\feng\Desktop\CardGame\game-server\node_modules\pomelo\lib\master\master.js] [39m[gate],[gate-server-1],[1391872508416],[disconnect]
[2014-02-08 23:23:27.688] [INFO] crash-log - [32m[C:\Users\feng\Desktop\CardGame\game-server\node_modules\pomelo\lib\master\master.js] [39m[gate],[gate-server-1],[1391873007687],[disconnect]
[2014-02-08 23:30:43.288] [INFO] crash-log - [32m[C:\Users\feng\Desktop\CardGame\game-server\node_modules\pomelo\lib\master\master.js] [39m[gate],[gate-server-1],[1391873443288],[disconnect]
[2014-02-09 14:54:20.504] [INFO] crash-log - [32m[C:\Users\feng\Desktop\CardGame\game-server\node_modules\pomelo\lib\master\master.js] [39m[client],[pomelo_list_1391928799881],[1391928860504],[disconnect]
[2014-02-09 14:54:20.526] [INFO] crash-log - [32m[C:\Users\feng\Desktop\CardGame\game-server\node_modules\pomelo\lib\master\master.js] [39m[gate],[gate-server-1],[1391928860526],[disconnect]
[2014-02-09 14:55:20.532] [INFO] crash-log - [32m[C:\Users\feng\Desktop\CardGame\game-server\node_modules\pomelo\lib\master\master.js] [39m[client],[pomelo_terminal_1391928860464],[1391928920532],[disconnect]
[2014-02-09 14:55:26.828] [INFO] crash-log - [32m[C:\Users\feng\Desktop\CardGame\game-server\node_modules\pomelo\lib\master\master.js] [39m[client],[pomelo_list_1391928866748],[1391928926827],[disconnect]
[2014-02-09 14:59:48.169] [INFO] crash-log - [32m[C:\Users\feng\Desktop\CardGame\game-server\node_modules\pomelo\lib\master\master.js] [39m[client],[pomelo_add_1391929128003],[1391929188169],[disconnect]
[2014-02-09 14:59:56.378] [INFO] crash-log - [32m[C:\Users\feng\Desktop\CardGame\game-server\node_modules\pomelo\lib\master\master.js] [39m[client],[pomelo_list_1391929136302],[1391929196378],[disconnect]
[2014-02-09 15:01:18.313] [INFO] crash-log - [32m[C:\Users\feng\Desktop\CardGame\game-server\node_modules\pomelo\lib\master\master.js] [39m[client],[pomelo_add_1391929218244],[1391929278313],[disconnect]
[2014-02-09 15:01:38.000] [INFO] crash-log - [32m[C:\Users\feng\Desktop\CardGame\game-server\node_modules\pomelo\lib\master\master.js] [39m[client],[pomelo_list_1391929237930],[1391929298000],[disconnect]
[2014-02-09 15:02:35.108] [INFO] crash-log - [32m[C:\Users\feng\Desktop\CardGame\game-server\node_modules\pomelo\lib\master\master.js] [39m[client],[pomelo_add_1391929294746],[1391929355107],[disconnect]
[2014-02-09 15:08:30.169] [INFO] crash-log - [32m[C:\Users\feng\Desktop\CardGame\game-server\node_modules\pomelo\lib\master\master.js] [39m[client],[pomelo_add_1391929647445],[1391929710169],[disconnect]
[2014-02-09 15:09:19.954] [INFO] crash-log - [32m[C:\Users\feng\Desktop\CardGame\game-server\node_modules\pomelo\lib\master\master.js] [39m[client],[pomelo_list_1391929699852],[1391929759954],[disconnect]
[2014-02-09 15:09:37.081] [INFO] crash-log - [32m[C:\Users\feng\Desktop\CardGame\game-server\node_modules\pomelo\lib\master\master.js] [39m[client],[pomelo_add_1391929714705],[1391929777080],[disconnect]
[2014-02-09 15:10:32.921] [INFO] crash-log - [32m[C:\Users\feng\Desktop\CardGame\game-server\node_modules\pomelo\lib\master\master.js] [39m[client],[pomelo_add_1391929770566],[1391929832920],[disconnect]
[2014-02-09 15:10:59.389] [INFO] crash-log - [32m[C:\Users\feng\Desktop\CardGame\game-server\node_modules\pomelo\lib\master\master.js] [39m[client],[pomelo_list_1391929799312],[1391929859389],[disconnect]
[2014-02-09 15:11:19.639] [INFO] crash-log - [32m[C:\Users\feng\Desktop\CardGame\game-server\node_modules\pomelo\lib\master\master.js] [39m[client],[pomelo_add_1391929817263],[1391929879639],[disconnect]
[2014-02-09 15:13:44.484] [INFO] crash-log - [32m[C:\Users\feng\Desktop\CardGame\game-server\node_modules\pomelo\lib\master\master.js] [39m[client],[pomelo_add_1391929964391],[1391930024484],[disconnect]
[2014-02-09 15:21:03.562] [INFO] crash-log - [32m[C:\Users\feng\Desktop\CardGame\game-server\node_modules\pomelo\lib\master\master.js] [39m[client],[pomelo_list_1391930403465],[1391930463562],[disconnect]
[2014-02-09 15:24:06.548] [INFO] crash-log - [32m[C:\Users\feng\Desktop\CardGame\game-server\node_modules\pomelo\lib\master\master.js] [39m[client],[pomelo_add_1391930586274],[1391930646547],[disconnect]
[2014-02-09 15:24:12.248] [INFO] crash-log - [32m[C:\Users\feng\Desktop\CardGame\game-server\node_modules\pomelo\lib\master\master.js] [39m[client],[pomelo_list_1391930592165],[1391930652248],[disconnect]
[2014-02-09 15:24:38.476] [INFO] crash-log - [32m[C:\Users\feng\Desktop\CardGame\game-server\node_modules\pomelo\lib\master\master.js] [39m[client],[pomelo_terminal_1391930618400],[1391930678476],[disconnect]
[2014-02-09 15:25:25.864] [INFO] crash-log - [32m[C:\Users\feng\Desktop\CardGame\game-server\node_modules\pomelo\lib\master\master.js] [39m[gate],[gate-server-1],[1391930725864],[disconnect]
[2014-02-09 15:26:12.952] [INFO] crash-log - [32m[C:\Users\feng\Desktop\CardGame\game-server\node_modules\pomelo\lib\master\master.js] [39m[client],[pomelo_list_1391930712876],[1391930772951],[disconnect]
[2014-02-09 15:26:25.880] [INFO] crash-log - [32m[C:\Users\feng\Desktop\CardGame\game-server\node_modules\pomelo\lib\master\master.js] [39m[client],[pomelo_terminal_1391930725806],[1391930785880],[disconnect]
[2014-02-09 15:26:35.664] [INFO] crash-log - [32m[C:\Users\feng\Desktop\CardGame\game-server\node_modules\pomelo\lib\master\master.js] [39m[client],[pomelo_list_1391930735592],[1391930795664],[disconnect]
[2014-02-09 15:37:56.244] [INFO] crash-log - [32m[C:\Users\feng\Desktop\CardGame\game-server\node_modules\pomelo\lib\master\master.js] [39m[gate],[gate-server-2],[1391931476244],[disconnect]
[2014-02-09 15:38:43.514] [INFO] crash-log - [32m[C:\Users\feng\Desktop\CardGame\game-server\node_modules\pomelo\lib\master\master.js] [39m[client],[pomelo_list_1391931463402],[1391931523514],[disconnect]
[2014-02-09 15:38:56.252] [INFO] crash-log - [32m[C:\Users\feng\Desktop\CardGame\game-server\node_modules\pomelo\lib\master\master.js] [39m[client],[pomelo_terminal_1391931476188],[1391931536249],[disconnect]
[2014-02-09 15:39:01.888] [INFO] crash-log - [32m[C:\Users\feng\Desktop\CardGame\game-server\node_modules\pomelo\lib\master\master.js] [39m[client],[pomelo_list_1391931481818],[1391931541888],[disconnect]
[2014-02-09 15:49:36.238] [INFO] crash-log - [32m[C:\Users\feng\Desktop\CardGame\game-server\node_modules\pomelo\lib\master\master.js] [39m[gate],[gate-server-1],[1391932176238],[disconnect]
[2014-02-09 15:50:52.611] [INFO] crash-log - [32m[C:\Users\feng\Desktop\CardGame\game-server\node_modules\pomelo\lib\master\master.js] [39m[client],[pomelo_list_1391932192506],[1391932252611],[disconnect]
[2014-02-09 15:53:28.835] [INFO] crash-log - [32m[C:\Users\feng\Desktop\CardGame\game-server\node_modules\pomelo\lib\master\master.js] [39m[gate],[gate-server-1],[1391932408835],[disconnect]
[2014-02-09 15:54:26.499] [INFO] crash-log - [32m[C:\Users\feng\Desktop\CardGame\game-server\node_modules\pomelo\lib\master\master.js] [39m[gate],[gate-server-1],[1391932466499],[disconnect]
[2014-02-09 15:54:28.842] [INFO] crash-log - [32m[C:\Users\feng\Desktop\CardGame\game-server\node_modules\pomelo\lib\master\master.js] [39m[client],[pomelo_terminal_1391932408775],[1391932468842],[disconnect]
[2014-02-09 15:55:07.076] [INFO] crash-log - [32m[C:\Users\feng\Desktop\CardGame\game-server\node_modules\pomelo\lib\master\master.js] [39m[client],[pomelo_add_1391932446800],[1391932507076],[disconnect]
[2014-02-09 15:55:21.841] [INFO] crash-log - [32m[C:\Users\feng\Desktop\CardGame\game-server\node_modules\pomelo\lib\master\master.js] [39m[client],[pomelo_add_1391932461669],[1391932521841],[disconnect]
[2014-02-09 15:55:26.515] [INFO] crash-log - [32m[C:\Users\feng\Desktop\CardGame\game-server\node_modules\pomelo\lib\master\master.js] [39m[client],[pomelo_terminal_1391932466439],[1391932526515],[disconnect]
[2014-02-09 15:55:28.717] [INFO] crash-log - [32m[C:\Users\feng\Desktop\CardGame\game-server\node_modules\pomelo\lib\master\master.js] [39m[client],[pomelo_add_1391932468452],[1391932528717],[disconnect]
[2014-02-09 19:49:18.874] [INFO] crash-log - [32m[C:\Users\feng\Desktop\CardGame\game-server\node_modules\pomelo\lib\master\master.js] [39m[client],[pomelo_list_1391946498590],[1391946558874],[disconnect]
[2014-02-09 19:53:31.477] [INFO] crash-log - [32m[C:\Users\feng\Desktop\CardGame\game-server\node_modules\pomelo\lib\master\master.js] [39m[gate],[gate-server-1],[1391946811477],[disconnect]
[2014-02-09 19:54:31.494] [INFO] crash-log - [32m[C:\Users\feng\Desktop\CardGame\game-server\node_modules\pomelo\lib\master\master.js] [39m[client],[pomelo_terminal_1391946811359],[1391946871494],[disconnect]
[2014-02-09 19:54:37.267] [INFO] crash-log - [32m[C:\Users\feng\Desktop\CardGame\game-server\node_modules\pomelo\lib\master\master.js] [39m[client],[pomelo_add_1391946816820],[1391946877267],[disconnect]
[2014-02-10 10:44:57.777] [INFO] crash-log - [32m[C:\Users\feng\Desktop\CardGame\game-server\node_modules\pomelo\lib\master\master.js] [39m[gate],[gate-server-1],[1392000297777],[disconnect]
[2014-02-10 10:45:57.782] [INFO] crash-log - [32m[C:\Users\feng\Desktop\CardGame\game-server\node_modules\pomelo\lib\master\master.js] [39m[client],[pomelo_terminal_1392000297559],[1392000357782],[disconnect]
[2014-02-10 10:46:00.842] [INFO] crash-log - [32m[C:\Users\feng\Desktop\CardGame\game-server\node_modules\pomelo\lib\master\master.js] [39m[client],[pomelo_add_1392000300491],[1392000360842],[disconnect]
[2014-02-10 10:57:41.502] [INFO] crash-log - [32m[C:\Users\feng\Desktop\CardGame\game-server\node_modules\pomelo\lib\master\master.js] [39m[gate],[gate-server-1],[1392001061502],[disconnect]
[2014-02-10 10:58:41.512] [INFO] crash-log - [32m[C:\Users\feng\Desktop\CardGame\game-server\node_modules\pomelo\lib\master\master.js] [39m[client],[pomelo_terminal_1392001061420],[1392001121512],[disconnect]
[2014-02-10 10:58:46.069] [INFO] crash-log - [32m[C:\Users\feng\Desktop\CardGame\game-server\node_modules\pomelo\lib\master\master.js] [39m[client],[pomelo_add_1392001065801],[1392001126069],[disconnect]
[2014-02-10 11:04:53.963] [INFO] crash-log - [32m[C:\Users\feng\Desktop\CardGame\game-server\node_modules\pomelo\lib\master\master.js] [39m[gate],[gate-server-1],[1392001493963],[disconnect]
[2014-02-10 11:05:53.973] [INFO] crash-log - [32m[C:\Users\feng\Desktop\CardGame\game-server\node_modules\pomelo\lib\master\master.js] [39m[client],[pomelo_terminal_1392001493887],[1392001553973],[disconnect]
[2014-02-10 11:05:58.555] [INFO] crash-log - [32m[C:\Users\feng\Desktop\CardGame\game-server\node_modules\pomelo\lib\master\master.js] [39m[client],[pomelo_add_1392001498304],[1392001558555],[disconnect]
[2014-02-10 12:13:11.059] [INFO] crash-log - [32m[C:\Users\feng\Desktop\CardGame\game-server\node_modules\pomelo\lib\master\master.js] [39m[client],[pomelo_list_1392005530773],[1392005591059],[disconnect]
[2014-02-10 13:40:57.060] [INFO] crash-log - [32m[C:\Users\feng\Desktop\CardGame\game-server\node_modules\pomelo\lib\master\master.js] [39m[gate],[gate-server-1],[1392010857060],[disconnect]
[2014-02-10 13:41:17.871] [INFO] crash-log - [32m[C:\Users\feng\Desktop\CardGame\game-server\node_modules\pomelo\lib\master\master.js] [39m[client],[pomelo_list_1392010817582],[1392010877871],[disconnect]
[2014-02-10 13:41:57.075] [INFO] crash-log - [32m[C:\Users\feng\Desktop\CardGame\game-server\node_modules\pomelo\lib\master\master.js] [39m[client],[pomelo_terminal_1392010856999],[1392010917075],[disconnect]
[2014-02-10 13:41:59.613] [INFO] crash-log - [32m[C:\Users\feng\Desktop\CardGame\game-server\node_modules\pomelo\lib\master\master.js] [39m[client],[pomelo_add_1392010859199],[1392010919613],[disconnect]
[2014-02-10 17:14:25.912] [INFO] crash-log - [32m[C:\Users\feng\Desktop\CardGame\game-server\node_modules\pomelo\lib\master\master.js] [39m[gate],[gate-server-1],[1392023665912],[disconnect]
[2014-02-10 17:15:25.919] [INFO] crash-log - [32m[C:\Users\feng\Desktop\CardGame\game-server\node_modules\pomelo\lib\master\master.js] [39m[client],[pomelo_terminal_1392023665825],[1392023725919],[disconnect]
[2014-02-10 17:15:30.686] [INFO] crash-log - [32m[C:\Users\feng\Desktop\CardGame\game-server\node_modules\pomelo\lib\master\master.js] [39m[client],[pomelo_add_1392023670384],[1392023730686],[disconnect]
[2014-02-11 21:53:38.040] [INFO] crash-log - [32m[C:\Users\feng\Desktop\CardGame\game-server\node_modules\pomelo\lib\master\master.js] [39m[gate],[gate-server-1],[1392126818040],[disconnect]
[2014-02-11 21:54:38.054] [INFO] crash-log - [32m[C:\Users\feng\Desktop\CardGame\game-server\node_modules\pomelo\lib\master\master.js] [39m[client],[pomelo_terminal_1392126817953],[1392126878054],[disconnect]
[2014-02-11 21:54:41.333] [INFO] crash-log - [32m[C:\Users\feng\Desktop\CardGame\game-server\node_modules\pomelo\lib\master\master.js] [39m[client],[pomelo_add_1392126820876],[1392126881333],[disconnect]
[2014-02-11 22:05:05.164] [INFO] crash-log - [32m[C:\Users\feng\Desktop\CardGame\game-server\node_modules\pomelo\lib\master\master.js] [39m[gate],[gate-server-1],[1392127505164],[disconnect]
[2014-02-11 22:06:05.179] [INFO] crash-log - [32m[C:\Users\feng\Desktop\CardGame\game-server\node_modules\pomelo\lib\master\master.js] [39m[client],[pomelo_terminal_1392127505085],[1392127565179],[disconnect]
[2014-02-11 22:06:08.203] [INFO] crash-log - [32m[C:\Users\feng\Desktop\CardGame\game-server\node_modules\pomelo\lib\master\master.js] [39m[client],[pomelo_terminal_1392127508128],[1392127568203],[disconnect]
[2014-02-11 22:06:14.062] [INFO] crash-log - [32m[C:\Users\feng\Desktop\CardGame\game-server\node_modules\pomelo\lib\master\master.js] [39m[client],[pomelo_add_1392127513793],[1392127574062],[disconnect]
[2014-02-11 22:09:41.296] [INFO] crash-log - [32m[C:\Users\feng\Desktop\CardGame\game-server\node_modules\pomelo\lib\master\master.js] [39m[gate],[gate-server-1],[1392127781296],[disconnect]
[2014-02-11 22:10:41.309] [INFO] crash-log - [32m[C:\Users\feng\Desktop\CardGame\game-server\node_modules\pomelo\lib\master\master.js] [39m[client],[pomelo_terminal_1392127781220],[1392127841309],[disconnect]
[2014-02-11 22:10:47.877] [INFO] crash-log - [32m[C:\Users\feng\Desktop\CardGame\game-server\node_modules\pomelo\lib\master\master.js] [39m[client],[pomelo_add_1392127787590],[1392127847877],[disconnect]
[2014-02-11 22:38:46.928] [INFO] crash-log - [32m[C:\Users\feng\Desktop\CardGame\game-server\node_modules\pomelo\lib\master\master.js] [39m[gate],[gate-server-1],[1392129526928],[disconnect]
[2014-02-11 22:39:46.941] [INFO] crash-log - [32m[C:\Users\feng\Desktop\CardGame\game-server\node_modules\pomelo\lib\master\master.js] [39m[client],[pomelo_terminal_1392129526848],[1392129586941],[disconnect]
[2014-02-11 22:39:49.530] [INFO] crash-log - [32m[C:\Users\feng\Desktop\CardGame\game-server\node_modules\pomelo\lib\master\master.js] [39m[client],[pomelo_add_1392129529257],[1392129589530],[disconnect]
[2014-02-11 22:49:26.179] [INFO] crash-log - [32m[C:\Users\feng\Desktop\CardGame\game-server\node_modules\pomelo\lib\master\master.js] [39m[gate],[gate-server-1],[1392130166179],[disconnect]
[2014-02-11 22:50:26.191] [INFO] crash-log - [32m[C:\Users\feng\Desktop\CardGame\game-server\node_modules\pomelo\lib\master\master.js] [39m[client],[pomelo_terminal_1392130166109],[1392130226191],[disconnect]
[2014-02-11 22:50:28.956] [INFO] crash-log - [32m[C:\Users\feng\Desktop\CardGame\game-server\node_modules\pomelo\lib\master\master.js] [39m[client],[pomelo_add_1392130168681],[1392130228956],[disconnect]
[2014-02-11 22:54:45.327] [INFO] crash-log - [32m[C:\Users\feng\Desktop\CardGame\game-server\node_modules\pomelo\lib\master\master.js] [39m[client],[pomelo_add_1392130425147],[1392130485327],[disconnect]
[2014-02-11 22:54:49.778] [INFO] crash-log - [32m[C:\Users\feng\Desktop\CardGame\game-server\node_modules\pomelo\lib\master\master.js] [39m[client],[pomelo_terminal_1392130429700],[1392130489778],[disconnect]
[2014-02-11 22:56:25.413] [INFO] crash-log - [32m[C:\Users\feng\Desktop\CardGame\game-server\node_modules\pomelo\lib\master\master.js] [39m[client],[pomelo_list_1392130525327],[1392130585413],[disconnect]
[2014-02-11 23:37:59.960] [INFO] crash-log - [32m[C:\Users\feng\Desktop\CardGame\game-server\node_modules\pomelo\lib\master\master.js] [39m[gate],[gate-server-1],[1392133079960],[disconnect]
[2014-02-11 23:38:59.971] [INFO] crash-log - [32m[C:\Users\feng\Desktop\CardGame\game-server\node_modules\pomelo\lib\master\master.js] [39m[client],[pomelo_terminal_1392133079671],[1392133139971],[disconnect]
[2014-02-11 23:39:02.215] [INFO] crash-log - [32m[C:\Users\feng\Desktop\CardGame\game-server\node_modules\pomelo\lib\master\master.js] [39m[client],[pomelo_add_1392133081943],[1392133142215],[disconnect]
[2014-02-11 23:45:59.192] [INFO] crash-log - [32m[C:\Users\feng\Desktop\CardGame\game-server\node_modules\pomelo\lib\master\master.js] [39m[gate],[gate-server-1],[1392133559191],[disconnect]
[2014-02-11 23:46:59.196] [INFO] crash-log - [32m[C:\Users\feng\Desktop\CardGame\game-server\node_modules\pomelo\lib\master\master.js] [39m[client],[pomelo_terminal_1392133559105],[1392133619196],[disconnect]
[2014-02-11 23:47:01.125] [INFO] crash-log - [32m[C:\Users\feng\Desktop\CardGame\game-server\node_modules\pomelo\lib\master\master.js] [39m[client],[pomelo_terminal_1392133561058],[1392133621125],[disconnect]
[2014-02-11 23:47:04.018] [INFO] crash-log - [32m[C:\Users\feng\Desktop\CardGame\game-server\node_modules\pomelo\lib\master\master.js] [39m[client],[pomelo_add_1392133563740],[1392133624018],[disconnect]
[2014-02-12 00:00:00.318] [INFO] crash-log - [32m[C:\Users\feng\Desktop\CardGame\game-server\node_modules\pomelo\lib\master\master.js] [39m[gate],[gate-server-1],[1392134400318],[disconnect]
[2014-02-12 00:01:00.329] [INFO] crash-log - [32m[C:\Users\feng\Desktop\CardGame\game-server\node_modules\pomelo\lib\master\master.js] [39m[client],[pomelo_terminal_1392134400223],[1392134460329],[disconnect]
[2014-02-12 00:01:02.811] [INFO] crash-log - [32m[C:\Users\feng\Desktop\CardGame\game-server\node_modules\pomelo\lib\master\master.js] [39m[client],[pomelo_add_1392134402551],[1392134462811],[disconnect]
[2014-02-12 00:03:14.038] [INFO] crash-log - [32m[C:\Users\feng\Desktop\CardGame\game-server\node_modules\pomelo\lib\master\master.js] [39m[gate],[gate-server-1],[1392134594038],[disconnect]
[2014-02-12 00:04:14.054] [INFO] crash-log - [32m[C:\Users\feng\Desktop\CardGame\game-server\node_modules\pomelo\lib\master\master.js] [39m[client],[pomelo_terminal_1392134593973],[1392134654054],[disconnect]
[2014-02-12 00:04:17.657] [INFO] crash-log - [32m[C:\Users\feng\Desktop\CardGame\game-server\node_modules\pomelo\lib\master\master.js] [39m[client],[pomelo_add_1392134597384],[1392134657657],[disconnect]
[2014-02-12 00:06:16.207] [INFO] crash-log - [32m[C:\Users\feng\Desktop\CardGame\game-server\node_modules\pomelo\lib\master\master.js] [39m[gate],[gate-server-1],[1392134776207],[disconnect]
[2014-02-12 00:07:16.216] [INFO] crash-log - [32m[C:\Users\feng\Desktop\CardGame\game-server\node_modules\pomelo\lib\master\master.js] [39m[client],[pomelo_terminal_1392134776140],[1392134836216],[disconnect]
[2014-02-12 00:07:18.092] [INFO] crash-log - [32m[C:\Users\feng\Desktop\CardGame\game-server\node_modules\pomelo\lib\master\master.js] [39m[client],[pomelo_add_1392134777824],[1392134838092],[disconnect]
[2014-02-12 00:07:32.398] [INFO] crash-log - [32m[C:\Users\feng\Desktop\CardGame\game-server\node_modules\pomelo\lib\master\master.js] [39m[gate],[gate-server-1],[1392134852398],[disconnect]
[2014-02-12 00:08:32.405] [INFO] crash-log - [32m[C:\Users\feng\Desktop\CardGame\game-server\node_modules\pomelo\lib\master\master.js] [39m[client],[pomelo_terminal_1392134852336],[1392134912405],[disconnect]
[2014-02-12 00:08:35.517] [INFO] crash-log - [32m[C:\Users\feng\Desktop\CardGame\game-server\node_modules\pomelo\lib\master\master.js] [39m[client],[pomelo_add_1392134855232],[1392134915517],[disconnect]
[2014-02-12 00:10:11.578] [INFO] crash-log - [32m[C:\Users\feng\Desktop\CardGame\game-server\node_modules\pomelo\lib\master\master.js] [39m[gate],[gate-server-1],[1392135011578],[disconnect]
[2014-02-12 00:11:07.163] [INFO] crash-log - [32m[C:\Users\feng\Desktop\CardGame\game-server\node_modules\pomelo\lib\master\master.js] [39m[gate],[gate-server-1],[1392135067163],[disconnect]
[2014-02-12 00:11:11.592] [INFO] crash-log - [32m[C:\Users\feng\Desktop\CardGame\game-server\node_modules\pomelo\lib\master\master.js] [39m[client],[pomelo_terminal_1392135011497],[1392135071592],[disconnect]
[2014-02-12 00:11:14.435] [INFO] crash-log - [32m[C:\Users\feng\Desktop\CardGame\game-server\node_modules\pomelo\lib\master\master.js] [39m[client],[pomelo_add_1392135014174],[1392135074435],[disconnect]
[2014-02-12 00:12:07.169] [INFO] crash-log - [32m[C:\Users\feng\Desktop\CardGame\game-server\node_modules\pomelo\lib\master\master.js] [39m[client],[pomelo_terminal_1392135067101],[1392135127169],[disconnect]
[2014-02-12 00:12:09.786] [INFO] crash-log - [32m[C:\Users\feng\Desktop\CardGame\game-server\node_modules\pomelo\lib\master\master.js] [39m[client],[pomelo_add_1392135069498],[1392135129786],[disconnect]
[2014-02-12 00:15:15.338] [INFO] crash-log - [32m[C:\Users\feng\Desktop\CardGame\game-server\node_modules\pomelo\lib\master\master.js] [39m[gate],[gate-server-1],[1392135315338],[disconnect]
[2014-02-12 00:16:15.343] [INFO] crash-log - [32m[C:\Users\feng\Desktop\CardGame\game-server\node_modules\pomelo\lib\master\master.js] [39m[client],[pomelo_terminal_1392135315273],[1392135375343],[disconnect]
[2014-02-12 00:16:16.920] [INFO] crash-log - [32m[C:\Users\feng\Desktop\CardGame\game-server\node_modules\pomelo\lib\master\master.js] [39m[client],[pomelo_terminal_1392135316844],[1392135376919],[disconnect]
[2014-02-12 00:16:19.405] [INFO] crash-log - [32m[C:\Users\feng\Desktop\CardGame\game-server\node_modules\pomelo\lib\master\master.js] [39m[client],[pomelo_add_1392135319114],[1392135379405],[disconnect]
[2014-02-12 00:24:45.149] [INFO] crash-log - [32m[C:\Users\feng\Desktop\CardGame\game-server\node_modules\pomelo\lib\master\master.js] [39m[client],[pomelo_list_1392135825072],[1392135885149],[disconnect]
[2014-02-12 09:51:25.652] [INFO] crash-log - [32m[C:\Users\feng\Desktop\CardGame\game-server\node_modules\pomelo\lib\master\master.js] [39m[gate],[gate-server-1],[1392169885652],[disconnect]
[2014-02-12 09:52:25.655] [INFO] crash-log - [32m[C:\Users\feng\Desktop\CardGame\game-server\node_modules\pomelo\lib\master\master.js] [39m[client],[pomelo_terminal_1392169885578],[1392169945655],[disconnect]
[2014-02-12 09:52:28.126] [INFO] crash-log - [32m[C:\Users\feng\Desktop\CardGame\game-server\node_modules\pomelo\lib\master\master.js] [39m[client],[pomelo_add_1392169887727],[1392169948126],[disconnect]
[2014-02-12 09:58:48.509] [INFO] crash-log - [32m[C:\Users\feng\Desktop\CardGame\game-server\node_modules\pomelo\lib\master\master.js] [39m[gate],[gate-server-1],[1392170328509],[disconnect]
[2014-02-12 09:59:48.514] [INFO] crash-log - [32m[C:\Users\feng\Desktop\CardGame\game-server\node_modules\pomelo\lib\master\master.js] [39m[client],[pomelo_terminal_1392170328434],[1392170388514],[disconnect]
[2014-02-12 09:59:50.829] [INFO] crash-log - [32m[C:\Users\feng\Desktop\CardGame\game-server\node_modules\pomelo\lib\master\master.js] [39m[client],[pomelo_add_1392170330576],[1392170390829],[disconnect]
[2014-03-30 17:08:02.556] [INFO] crash-log - [32m[C:\Users\feng\Desktop\CardGame\game-server\node_modules\pomelo\lib\master\master.js] [39m[game],[cluster-server-game-1],[1396170482556],[disconnect]
[2014-03-30 17:08:02.560] [INFO] crash-log - [32m[C:\Users\feng\Desktop\CardGame\game-server\node_modules\pomelo\lib\master\master.js] [39m[game],[cluster-server-game-0],[1396170482560],[disconnect]
[2014-03-30 17:08:02.562] [INFO] crash-log - [32m[C:\Users\feng\Desktop\CardGame\game-server\node_modules\pomelo\lib\master\master.js] [39m[connector],[cluster-server-connector-0],[1396170482562],[disconnect]
[2014-03-30 17:08:02.563] [INFO] crash-log - [32m[C:\Users\feng\Desktop\CardGame\game-server\node_modules\pomelo\lib\master\master.js] [39m[connector],[cluster-server-connector-1],[1396170482563],[disconnect]
[2014-03-30 17:08:02.567] [INFO] crash-log - [32m[C:\Users\feng\Desktop\CardGame\game-server\node_modules\pomelo\lib\master\master.js] [39m[gate],[gate-server-1],[1396170482567],[disconnect]
[2014-04-15 09:50:11.216] [INFO] crash-log - [32m[C:\Users\feng\Desktop\CardGame\game-server\node_modules\pomelo\lib\master\master.js] [39m[gate],[gate-server-1],[1397526611216],[disconnect]
[2014-04-15 09:50:11.219] [INFO] crash-log - [32m[C:\Users\feng\Desktop\CardGame\game-server\node_modules\pomelo\lib\master\master.js] [39m[game],[cluster-server-game-0],[1397526611219],[disconnect]
[2014-04-15 09:50:11.220] [INFO] crash-log - [32m[C:\Users\feng\Desktop\CardGame\game-server\node_modules\pomelo\lib\master\master.js] [39m[connector],[cluster-server-connector-0],[1397526611220],[disconnect]
[2014-04-15 09:50:11.221] [INFO] crash-log - [32m[C:\Users\feng\Desktop\CardGame\game-server\node_modules\pomelo\lib\master\master.js] [39m[connector],[cluster-server-connector-1],[1397526611221],[disconnect]
[2014-04-15 09:50:11.222] [INFO] crash-log - [32m[C:\Users\feng\Desktop\CardGame\game-server\node_modules\pomelo\lib\master\master.js] [39m[game],[cluster-server-game-1],[1397526611222],[disconnect]
[2014-04-15 09:59:57.071] [INFO] crash-log - [32m[C:\Users\feng\Desktop\CardGame\game-server\node_modules\pomelo\lib\master\master.js] [39m[gate],[gate-server-1],[1397527197071],[disconnect]
[2014-04-15 09:59:57.076] [INFO] crash-log - [32m[C:\Users\feng\Desktop\CardGame\game-server\node_modules\pomelo\lib\master\master.js] [39m[game],[cluster-server-game-0],[1397527197076],[disconnect]
[2014-04-15 09:59:57.078] [INFO] crash-log - [32m[C:\Users\feng\Desktop\CardGame\game-server\node_modules\pomelo\lib\master\master.js] [39m[connector],[cluster-server-connector-1],[1397527197078],[disconnect]
[2014-04-15 09:59:57.080] [INFO] crash-log - [32m[C:\Users\feng\Desktop\CardGame\game-server\node_modules\pomelo\lib\master\master.js] [39m[connector],[cluster-server-connector-0],[1397527197079],[disconnect]
[2014-04-15 09:59:57.084] [INFO] crash-log - [32m[C:\Users\feng\Desktop\CardGame\game-server\node_modules\pomelo\lib\master\master.js] [39m[game],[cluster-server-game-1],[1397527197083],[disconnect]
[2014-04-15 10:10:02.561] [INFO] crash-log - [32m[C:\Users\feng\Desktop\CardGame\game-server\node_modules\pomelo\lib\master\master.js] [39m[gate],[gate-server-1],[1397527802561],[disconnect]
[2014-04-15 10:10:02.564] [INFO] crash-log - [32m[C:\Users\feng\Desktop\CardGame\game-server\node_modules\pomelo\lib\master\master.js] [39m[connector],[cluster-server-connector-0],[1397527802563],[disconnect]
[2014-04-15 10:10:02.566] [INFO] crash-log - [32m[C:\Users\feng\Desktop\CardGame\game-server\node_modules\pomelo\lib\master\master.js] [39m[connector],[cluster-server-connector-1],[1397527802566],[disconnect]
[2014-04-15 10:10:02.569] [INFO] crash-log - [32m[C:\Users\feng\Desktop\CardGame\game-server\node_modules\pomelo\lib\master\master.js] [39m[game],[cluster-server-game-0],[1397527802569],[disconnect]
[2014-04-15 10:10:02.571] [INFO] crash-log - [32m[C:\Users\feng\Desktop\CardGame\game-server\node_modules\pomelo\lib\master\master.js] [39m[game],[cluster-server-game-1],[1397527802571],[disconnect]
[2014-04-15 10:11:20.495] [INFO] crash-log - [32m[C:\Users\feng\Desktop\CardGame\game-server\node_modules\pomelo\lib\master\master.js] [39m[game],[cluster-server-game-0],[1397527880495],[disconnect]
[2014-04-15 10:11:20.499] [INFO] crash-log - [32m[C:\Users\feng\Desktop\CardGame\game-server\node_modules\pomelo\lib\master\master.js] [39m[gate],[gate-server-1],[1397527880499],[disconnect]
[2014-04-15 10:11:20.501] [INFO] crash-log - [32m[C:\Users\feng\Desktop\CardGame\game-server\node_modules\pomelo\lib\master\master.js] [39m[game],[cluster-server-game-1],[1397527880501],[disconnect]
[2014-04-15 10:11:20.502] [INFO] crash-log - [32m[C:\Users\feng\Desktop\CardGame\game-server\node_modules\pomelo\lib\master\master.js] [39m[connector],[cluster-server-connector-1],[1397527880502],[disconnect]
[2014-04-15 10:11:20.507] [INFO] crash-log - [32m[C:\Users\feng\Desktop\CardGame\game-server\node_modules\pomelo\lib\master\master.js] [39m[connector],[cluster-server-connector-0],[1397527880506],[disconnect]
